Analysis & Synthesis report for uart
Sun Nov 20 13:00:16 2022
Quartus Prime Version 18.1.0 Build 625 09/12/2018 SJ Lite Edition


---------------------
; Table of Contents ;
---------------------
  1. Legal Notice
  2. Analysis & Synthesis Summary
  3. Analysis & Synthesis Settings
  4. Parallel Compilation
  5. Analysis & Synthesis Source Files Read
  6. Analysis & Synthesis Resource Usage Summary
  7. Analysis & Synthesis Resource Utilization by Entity
  8. Registers Removed During Synthesis
  9. Removed Registers Triggering Further Register Optimizations
 10. General Register Statistics
 11. Parameter Settings for User Entity Instance: Top-level Entity: |uart
 12. Parameter Settings for User Entity Instance: UART_tx:transmitter
 13. Parameter Settings for User Entity Instance: UART_tx:transmitter|shift_tx:shiftregister
 14. Port Connectivity Checks: "UART_rx:receiver|rx_fsm:statemachinerx"
 15. Port Connectivity Checks: "UART_rx:receiver"
 16. Port Connectivity Checks: "UART_tx:transmitter|shift_tx:shiftregister"
 17. Port Connectivity Checks: "UART_tx:transmitter|tx_fsm:statemachine"
 18. Post-Synthesis Netlist Statistics for Top Partition
 19. Elapsed Time Per Partition
 20. Analysis & Synthesis Messages



----------------
; Legal Notice ;
----------------
Copyright (C) 2018  Intel Corporation. All rights reserved.
Your use of Intel Corporation's design tools, logic functions 
and other software and tools, and its AMPP partner logic 
functions, and any output files from any of the foregoing 
(including device programming or simulation files), and any 
associated documentation or information are expressly subject 
to the terms and conditions of the Intel Program License 
Subscription Agreement, the Intel Quartus Prime License Agreement,
the Intel FPGA IP License Agreement, or other applicable license
agreement, including, without limitation, that your use is for
the sole purpose of programming logic devices manufactured by
Intel and sold by Intel or its authorized distributors.  Please
refer to the applicable agreement for further details.



+----------------------------------------------------------------------------------+
; Analysis & Synthesis Summary                                                     ;
+------------------------------------+---------------------------------------------+
; Analysis & Synthesis Status        ; Successful - Sun Nov 20 13:00:15 2022       ;
; Quartus Prime Version              ; 18.1.0 Build 625 09/12/2018 SJ Lite Edition ;
; Revision Name                      ; uart                                        ;
; Top-level Entity Name              ; uart                                        ;
; Family                             ; MAX 10                                      ;
; Total logic elements               ; 0                                           ;
;     Total combinational functions  ; 0                                           ;
;     Dedicated logic registers      ; 0                                           ;
; Total registers                    ; 0                                           ;
; Total pins                         ; 73                                          ;
; Total virtual pins                 ; 0                                           ;
; Total memory bits                  ; 0                                           ;
; Embedded Multiplier 9-bit elements ; 0                                           ;
; Total PLLs                         ; 0                                           ;
; UFM blocks                         ; 0                                           ;
; ADC blocks                         ; 0                                           ;
+------------------------------------+---------------------------------------------+


+------------------------------------------------------------------------------------------------------------+
; Analysis & Synthesis Settings                                                                              ;
+------------------------------------------------------------------+--------------------+--------------------+
; Option                                                           ; Setting            ; Default Value      ;
+------------------------------------------------------------------+--------------------+--------------------+
; Device                                                           ; 10M50DAF484C7G     ;                    ;
; Top-level entity name                                            ; uart               ; uart               ;
; Family name                                                      ; MAX 10             ; Cyclone V          ;
; Use smart compilation                                            ; Off                ; Off                ;
; Enable parallel Assembler and Timing Analyzer during compilation ; On                 ; On                 ;
; Enable compact report table                                      ; Off                ; Off                ;
; Restructure Multiplexers                                         ; Auto               ; Auto               ;
; Create Debugging Nodes for IP Cores                              ; Off                ; Off                ;
; Preserve fewer node names                                        ; On                 ; On                 ;
; Intel FPGA IP Evaluation Mode                                    ; Enable             ; Enable             ;
; Verilog Version                                                  ; Verilog_2001       ; Verilog_2001       ;
; VHDL Version                                                     ; VHDL_1993          ; VHDL_1993          ;
; State Machine Processing                                         ; Auto               ; Auto               ;
; Safe State Machine                                               ; Off                ; Off                ;
; Extract Verilog State Machines                                   ; On                 ; On                 ;
; Extract VHDL State Machines                                      ; On                 ; On                 ;
; Ignore Verilog initial constructs                                ; Off                ; Off                ;
; Iteration limit for constant Verilog loops                       ; 5000               ; 5000               ;
; Iteration limit for non-constant Verilog loops                   ; 250                ; 250                ;
; Add Pass-Through Logic to Inferred RAMs                          ; On                 ; On                 ;
; Infer RAMs from Raw Logic                                        ; On                 ; On                 ;
; Parallel Synthesis                                               ; On                 ; On                 ;
; DSP Block Balancing                                              ; Auto               ; Auto               ;
; NOT Gate Push-Back                                               ; On                 ; On                 ;
; Power-Up Don't Care                                              ; On                 ; On                 ;
; Remove Redundant Logic Cells                                     ; Off                ; Off                ;
; Remove Duplicate Registers                                       ; On                 ; On                 ;
; Ignore CARRY Buffers                                             ; Off                ; Off                ;
; Ignore CASCADE Buffers                                           ; Off                ; Off                ;
; Ignore GLOBAL Buffers                                            ; Off                ; Off                ;
; Ignore ROW GLOBAL Buffers                                        ; Off                ; Off                ;
; Ignore LCELL Buffers                                             ; Off                ; Off                ;
; Ignore SOFT Buffers                                              ; On                 ; On                 ;
; Limit AHDL Integers to 32 Bits                                   ; Off                ; Off                ;
; Optimization Technique                                           ; Balanced           ; Balanced           ;
; Carry Chain Length                                               ; 70                 ; 70                 ;
; Auto Carry Chains                                                ; On                 ; On                 ;
; Auto Open-Drain Pins                                             ; On                 ; On                 ;
; Perform WYSIWYG Primitive Resynthesis                            ; Off                ; Off                ;
; Auto ROM Replacement                                             ; On                 ; On                 ;
; Auto RAM Replacement                                             ; On                 ; On                 ;
; Auto DSP Block Replacement                                       ; On                 ; On                 ;
; Auto Shift Register Replacement                                  ; Auto               ; Auto               ;
; Allow Shift Register Merging across Hierarchies                  ; Auto               ; Auto               ;
; Auto Clock Enable Replacement                                    ; On                 ; On                 ;
; Strict RAM Replacement                                           ; Off                ; Off                ;
; Allow Synchronous Control Signals                                ; On                 ; On                 ;
; Force Use of Synchronous Clear Signals                           ; Off                ; Off                ;
; Auto RAM Block Balancing                                         ; On                 ; On                 ;
; Auto RAM to Logic Cell Conversion                                ; Off                ; Off                ;
; Auto Resource Sharing                                            ; Off                ; Off                ;
; Allow Any RAM Size For Recognition                               ; Off                ; Off                ;
; Allow Any ROM Size For Recognition                               ; Off                ; Off                ;
; Allow Any Shift Register Size For Recognition                    ; Off                ; Off                ;
; Use LogicLock Constraints during Resource Balancing              ; On                 ; On                 ;
; Ignore translate_off and synthesis_off directives                ; Off                ; Off                ;
; Timing-Driven Synthesis                                          ; On                 ; On                 ;
; Report Parameter Settings                                        ; On                 ; On                 ;
; Report Source Assignments                                        ; On                 ; On                 ;
; Report Connectivity Checks                                       ; On                 ; On                 ;
; Ignore Maximum Fan-Out Assignments                               ; Off                ; Off                ;
; Synchronization Register Chain Length                            ; 2                  ; 2                  ;
; Power Optimization During Synthesis                              ; Normal compilation ; Normal compilation ;
; HDL message level                                                ; Level2             ; Level2             ;
; Suppress Register Optimization Related Messages                  ; Off                ; Off                ;
; Number of Removed Registers Reported in Synthesis Report         ; 5000               ; 5000               ;
; Number of Swept Nodes Reported in Synthesis Report               ; 5000               ; 5000               ;
; Number of Inverted Registers Reported in Synthesis Report        ; 100                ; 100                ;
; Clock MUX Protection                                             ; On                 ; On                 ;
; Auto Gated Clock Conversion                                      ; Off                ; Off                ;
; Block Design Naming                                              ; Auto               ; Auto               ;
; SDC constraint protection                                        ; Off                ; Off                ;
; Synthesis Effort                                                 ; Auto               ; Auto               ;
; Shift Register Replacement - Allow Asynchronous Clear Signal     ; On                 ; On                 ;
; Pre-Mapping Resynthesis Optimization                             ; Off                ; Off                ;
; Analysis & Synthesis Message Level                               ; Medium             ; Medium             ;
; Disable Register Merging Across Hierarchies                      ; Auto               ; Auto               ;
; Resource Aware Inference For Block RAM                           ; On                 ; On                 ;
+------------------------------------------------------------------+--------------------+--------------------+


+------------------------------------------+
; Parallel Compilation                     ;
+----------------------------+-------------+
; Processors                 ; Number      ;
+----------------------------+-------------+
; Number detected on machine ; 8           ;
; Maximum allowed            ; 4           ;
;                            ;             ;
; Average used               ; 1.00        ;
; Maximum used               ; 1           ;
;                            ;             ;
; Usage by Processor         ; % Time Used ;
;     Processor 1            ; 100.0%      ;
+----------------------------+-------------+


+------------------------------------------------------------------------------------------------------------------------------------------------------+
; Analysis & Synthesis Source Files Read                                                                                                               ;
+----------------------------------+-----------------+-----------------+---------------------------------------------------------------------+---------+
; File Name with User-Entered Path ; Used in Netlist ; File Type       ; File Name with Absolute Path                                        ; Library ;
+----------------------------------+-----------------+-----------------+---------------------------------------------------------------------+---------+
; uart.vhd                         ; yes             ; User VHDL File  ; C:/Users/zainf/Documents/FYS4220/commproject/src/uart.vhd           ;         ;
; UART_tx.vhd                      ; yes             ; User VHDL File  ; C:/Users/zainf/Documents/FYS4220/commproject/src/UART_tx.vhd        ;         ;
; UART_rx.vhd                      ; yes             ; User VHDL File  ; C:/Users/zainf/Documents/FYS4220/commproject/src/UART_rx.vhd        ;         ;
; tx_fsm.vhd                       ; yes             ; User VHDL File  ; C:/Users/zainf/Documents/FYS4220/commproject/src/tx_fsm.vhd         ;         ;
; shift_tx.vhd                     ; yes             ; User VHDL File  ; C:/Users/zainf/Documents/FYS4220/commproject/src/shift_tx.vhd       ;         ;
; shift_rx.vhd                     ; yes             ; User VHDL File  ; C:/Users/zainf/Documents/FYS4220/commproject/src/shift_rx.vhd       ;         ;
; rx_fsm.vhd                       ; yes             ; User VHDL File  ; C:/Users/zainf/Documents/FYS4220/commproject/src/rx_fsm.vhd         ;         ;
; bitcounter_rx.vhd                ; yes             ; User VHDL File  ; C:/Users/zainf/Documents/FYS4220/commproject/src/bitcounter_rx.vhd  ;         ;
; baudrategen_rx.vhd               ; yes             ; User VHDL File  ; C:/Users/zainf/Documents/FYS4220/commproject/src/baudrategen_rx.vhd ;         ;
; baudrategen.vhd                  ; yes             ; User VHDL File  ; C:/Users/zainf/Documents/FYS4220/commproject/src/baudrategen.vhd    ;         ;
+----------------------------------+-----------------+-----------------+---------------------------------------------------------------------+---------+


+-----------------------------------------------------+
; Analysis & Synthesis Resource Usage Summary         ;
+---------------------------------------------+-------+
; Resource                                    ; Usage ;
+---------------------------------------------+-------+
;                                             ;       ;
; Total combinational functions               ; 0     ;
; Logic element usage by number of LUT inputs ;       ;
;     -- 4 input functions                    ; 0     ;
;     -- 3 input functions                    ; 0     ;
;     -- <=2 input functions                  ; 0     ;
;                                             ;       ;
; Logic elements by mode                      ;       ;
;     -- normal mode                          ; 0     ;
;     -- arithmetic mode                      ; 0     ;
;                                             ;       ;
; Total registers                             ; 0     ;
;     -- Dedicated logic registers            ; 0     ;
;     -- I/O registers                        ; 0     ;
;                                             ;       ;
; I/O pins                                    ; 73    ;
;                                             ;       ;
; Embedded Multiplier 9-bit elements          ; 0     ;
;                                             ;       ;
; Maximum fan-out node                        ; rx    ;
; Maximum fan-out                             ; 1     ;
; Total fan-out                               ; 73    ;
; Average fan-out                             ; 0.50  ;
+---------------------------------------------+-------+


+------------------------------------------------------------------------------------------------------------------------------------------------------------------------------------------------------------------------------------+
; Analysis & Synthesis Resource Utilization by Entity                                                                                                                                                                                ;
+----------------------------+---------------------+---------------------------+-------------+------------+--------------+---------+-----------+------+--------------+------------+---------------------+-------------+--------------+
; Compilation Hierarchy Node ; Combinational ALUTs ; Dedicated Logic Registers ; Memory Bits ; UFM Blocks ; DSP Elements ; DSP 9x9 ; DSP 18x18 ; Pins ; Virtual Pins ; ADC blocks ; Full Hierarchy Name ; Entity Name ; Library Name ;
+----------------------------+---------------------+---------------------------+-------------+------------+--------------+---------+-----------+------+--------------+------------+---------------------+-------------+--------------+
; |uart                      ; 0 (0)               ; 0 (0)                     ; 0           ; 0          ; 0            ; 0       ; 0         ; 73   ; 0            ; 0          ; |uart               ; uart        ; work         ;
+----------------------------+---------------------+---------------------------+-------------+------------+--------------+---------+-----------+------+--------------+------------+---------------------+-------------+--------------+
Note: For table entries with two numbers listed, the numbers in parentheses indicate the number of resources of the given type used by the specific entity alone. The numbers listed outside of parentheses indicate the total resources of the given type used by the specific entity and all of its sub-entities in the hierarchy.


+------------------------------------------------------------------------------------------------------------+
; Registers Removed During Synthesis                                                                         ;
+--------------------------------------------------------------+---------------------------------------------+
; Register name                                                ; Reason for Removal                          ;
+--------------------------------------------------------------+---------------------------------------------+
; UART_rx:receiver|bitcounter_rx:bitcounterrx|rx_complete      ; Stuck at VCC due to stuck port data_in      ;
; UART_rx:receiver|rx_fsm:statemachinerx|rx_busy               ; Stuck at GND due to stuck port data_in      ;
; UART_tx:transmitter|tx                                       ; Stuck at VCC due to stuck port data_in      ;
; mm_tx_status[2]                                              ; Stuck at GND due to stuck port data_in      ;
; mm_rx_data[7]                                                ; Stuck at GND due to stuck port clock_enable ;
; UART_rx:receiver|shift_rx:shiftregisterrx|rx_data[7]         ; Lost fanout                                 ;
; mm_rx_data[6]                                                ; Stuck at GND due to stuck port clock_enable ;
; UART_rx:receiver|shift_rx:shiftregisterrx|rx_data[6]         ; Lost fanout                                 ;
; mm_rx_data[5]                                                ; Stuck at GND due to stuck port clock_enable ;
; UART_rx:receiver|shift_rx:shiftregisterrx|rx_data[5]         ; Lost fanout                                 ;
; mm_rx_data[4]                                                ; Stuck at GND due to stuck port clock_enable ;
; UART_rx:receiver|shift_rx:shiftregisterrx|rx_data[4]         ; Lost fanout                                 ;
; mm_rx_data[3]                                                ; Stuck at GND due to stuck port clock_enable ;
; UART_rx:receiver|shift_rx:shiftregisterrx|rx_data[3]         ; Lost fanout                                 ;
; mm_rx_data[2]                                                ; Stuck at GND due to stuck port clock_enable ;
; UART_rx:receiver|shift_rx:shiftregisterrx|rx_data[2]         ; Lost fanout                                 ;
; mm_rx_data[1]                                                ; Stuck at GND due to stuck port clock_enable ;
; UART_rx:receiver|shift_rx:shiftregisterrx|rx_data[1]         ; Lost fanout                                 ;
; mm_rx_data[0]                                                ; Stuck at GND due to stuck port clock_enable ;
; UART_rx:receiver|shift_rx:shiftregisterrx|rx_data[0]         ; Lost fanout                                 ;
; UART_rx:receiver|shift_rx:shiftregisterrx|rx_buffer[1..8]    ; Lost fanout                                 ;
; UART_rx:receiver|bitcounter_rx:bitcounterrx|counter_up[0..3] ; Lost fanout                                 ;
; UART_rx:receiver|rx_fsm:statemachinerx|state                 ; Lost fanout                                 ;
; rdata[31]~reg0                                               ; Stuck at GND due to stuck port data_in      ;
; rdata[30]~reg0                                               ; Stuck at GND due to stuck port data_in      ;
; rdata[29]~reg0                                               ; Stuck at GND due to stuck port data_in      ;
; rdata[28]~reg0                                               ; Stuck at GND due to stuck port data_in      ;
; rdata[27]~reg0                                               ; Stuck at GND due to stuck port data_in      ;
; rdata[26]~reg0                                               ; Stuck at GND due to stuck port data_in      ;
; rdata[25]~reg0                                               ; Stuck at GND due to stuck port data_in      ;
; rdata[24]~reg0                                               ; Stuck at GND due to stuck port data_in      ;
; rdata[23]~reg0                                               ; Stuck at GND due to stuck port data_in      ;
; rdata[22]~reg0                                               ; Stuck at GND due to stuck port data_in      ;
; rdata[21]~reg0                                               ; Stuck at GND due to stuck port data_in      ;
; rdata[20]~reg0                                               ; Stuck at GND due to stuck port data_in      ;
; rdata[19]~reg0                                               ; Stuck at GND due to stuck port data_in      ;
; rdata[18]~reg0                                               ; Stuck at GND due to stuck port data_in      ;
; rdata[17]~reg0                                               ; Stuck at GND due to stuck port data_in      ;
; rdata[16]~reg0                                               ; Stuck at GND due to stuck port data_in      ;
; rdata[15]~reg0                                               ; Stuck at GND due to stuck port data_in      ;
; rdata[14]~reg0                                               ; Stuck at GND due to stuck port data_in      ;
; rdata[13]~reg0                                               ; Stuck at GND due to stuck port data_in      ;
; rdata[12]~reg0                                               ; Stuck at GND due to stuck port data_in      ;
; rdata[11]~reg0                                               ; Stuck at GND due to stuck port data_in      ;
; rdata[10]~reg0                                               ; Stuck at GND due to stuck port data_in      ;
; rdata[9]~reg0                                                ; Stuck at GND due to stuck port data_in      ;
; rdata[8]~reg0                                                ; Stuck at GND due to stuck port data_in      ;
; rdata[0]~reg0                                                ; Stuck at GND due to stuck port data_in      ;
; rdata[7]~reg0                                                ; Stuck at GND due to stuck port data_in      ;
; rdata[6]~reg0                                                ; Stuck at GND due to stuck port data_in      ;
; rdata[5]~reg0                                                ; Stuck at GND due to stuck port data_in      ;
; rdata[4]~reg0                                                ; Stuck at GND due to stuck port data_in      ;
; rdata[3]~reg0                                                ; Stuck at GND due to stuck port data_in      ;
; rdata[2]~reg0                                                ; Stuck at GND due to stuck port data_in      ;
; rdata[1]~reg0                                                ; Stuck at GND due to stuck port data_in      ;
; UART_tx:transmitter|tx_fsm:statemachine|state                ; Stuck at GND due to stuck port clear        ;
; UART_tx:transmitter|tx_fsm:statemachine|tx_busy              ; Stuck at GND due to stuck port clock_enable ;
; mm_tx_status[1,4,5]                                          ; Stuck at GND due to stuck port data_in      ;
; Total Number of Removed Registers = 70                       ;                                             ;
+--------------------------------------------------------------+---------------------------------------------+


+---------------------------------------------------------------------------------------------------------------------------------------------------------------------------------+
; Removed Registers Triggering Further Register Optimizations                                                                                                                     ;
+---------------------------------------------------------+---------------------------+-------------------------------------------------------------------------------------------+
; Register name                                           ; Reason for Removal        ; Registers Removed due to This Register                                                    ;
+---------------------------------------------------------+---------------------------+-------------------------------------------------------------------------------------------+
; UART_rx:receiver|rx_fsm:statemachinerx|rx_busy          ; Stuck at GND              ; mm_tx_status[2], mm_rx_data[7], UART_rx:receiver|shift_rx:shiftregisterrx|rx_data[7],     ;
;                                                         ; due to stuck port data_in ; mm_rx_data[6], UART_rx:receiver|shift_rx:shiftregisterrx|rx_data[6], mm_rx_data[5],       ;
;                                                         ;                           ; UART_rx:receiver|shift_rx:shiftregisterrx|rx_data[5], mm_rx_data[4],                      ;
;                                                         ;                           ; UART_rx:receiver|shift_rx:shiftregisterrx|rx_data[4], mm_rx_data[3],                      ;
;                                                         ;                           ; UART_rx:receiver|shift_rx:shiftregisterrx|rx_data[3], mm_rx_data[2],                      ;
;                                                         ;                           ; UART_rx:receiver|shift_rx:shiftregisterrx|rx_data[2], mm_rx_data[1],                      ;
;                                                         ;                           ; UART_rx:receiver|shift_rx:shiftregisterrx|rx_data[1], mm_rx_data[0],                      ;
;                                                         ;                           ; UART_rx:receiver|shift_rx:shiftregisterrx|rx_data[0],                                     ;
;                                                         ;                           ; UART_rx:receiver|shift_rx:shiftregisterrx|rx_buffer[1],                                   ;
;                                                         ;                           ; UART_rx:receiver|shift_rx:shiftregisterrx|rx_buffer[2],                                   ;
;                                                         ;                           ; UART_rx:receiver|shift_rx:shiftregisterrx|rx_buffer[3],                                   ;
;                                                         ;                           ; UART_rx:receiver|shift_rx:shiftregisterrx|rx_buffer[4],                                   ;
;                                                         ;                           ; UART_rx:receiver|shift_rx:shiftregisterrx|rx_buffer[5],                                   ;
;                                                         ;                           ; UART_rx:receiver|shift_rx:shiftregisterrx|rx_buffer[6],                                   ;
;                                                         ;                           ; UART_rx:receiver|shift_rx:shiftregisterrx|rx_buffer[7],                                   ;
;                                                         ;                           ; UART_rx:receiver|shift_rx:shiftregisterrx|rx_buffer[8],                                   ;
;                                                         ;                           ; UART_rx:receiver|rx_fsm:statemachinerx|state, rdata[0]~reg0, rdata[7]~reg0,               ;
;                                                         ;                           ; rdata[6]~reg0, rdata[5]~reg0, rdata[4]~reg0, rdata[3]~reg0, rdata[2]~reg0, rdata[1]~reg0, ;
;                                                         ;                           ; mm_tx_status[5]                                                                           ;
; UART_rx:receiver|bitcounter_rx:bitcounterrx|rx_complete ; Stuck at VCC              ; UART_rx:receiver|bitcounter_rx:bitcounterrx|counter_up[0],                                ;
;                                                         ; due to stuck port data_in ; UART_rx:receiver|bitcounter_rx:bitcounterrx|counter_up[1],                                ;
;                                                         ;                           ; UART_rx:receiver|bitcounter_rx:bitcounterrx|counter_up[2],                                ;
;                                                         ;                           ; UART_rx:receiver|bitcounter_rx:bitcounterrx|counter_up[3]                                 ;
; rdata[8]~reg0                                           ; Stuck at GND              ; UART_tx:transmitter|tx_fsm:statemachine|tx_busy, mm_tx_status[1], mm_tx_status[4]         ;
;                                                         ; due to stuck port data_in ;                                                                                           ;
+---------------------------------------------------------+---------------------------+-------------------------------------------------------------------------------------------+


+------------------------------------------------------+
; General Register Statistics                          ;
+----------------------------------------------+-------+
; Statistic                                    ; Value ;
+----------------------------------------------+-------+
; Total registers                              ; 0     ;
; Number of registers using Synchronous Clear  ; 0     ;
; Number of registers using Synchronous Load   ; 0     ;
; Number of registers using Asynchronous Clear ; 0     ;
; Number of registers using Asynchronous Load  ; 0     ;
; Number of registers using Clock Enable       ; 0     ;
; Number of registers using Preset             ; 0     ;
+----------------------------------------------+-------+


+----------------------------------------------------------------------+
; Parameter Settings for User Entity Instance: Top-level Entity: |uart ;
+----------------+----------+------------------------------------------+
; Parameter Name ; Value    ; Type                                     ;
+----------------+----------+------------------------------------------+
; GC_SYSTEM_CLK  ; 50000000 ; Signed Integer                           ;
; GC_BAUD_RATE   ; 115200   ; Signed Integer                           ;
+----------------+----------+------------------------------------------+
Note: In order to hide this table in the UI and the text report file, please set the "Show Parameter Settings in Synthesis Report" option in "Analysis and Synthesis Settings -> More Settings" to "Off".


+------------------------------------------------------------------+
; Parameter Settings for User Entity Instance: UART_tx:transmitter ;
+----------------+-------+-----------------------------------------+
; Parameter Name ; Value ; Type                                    ;
+----------------+-------+-----------------------------------------+
; n              ; 8     ; Signed Integer                          ;
+----------------+-------+-----------------------------------------+
Note: In order to hide this table in the UI and the text report file, please set the "Show Parameter Settings in Synthesis Report" option in "Analysis and Synthesis Settings -> More Settings" to "Off".


+-----------------------------------------------------------------------------------------+
; Parameter Settings for User Entity Instance: UART_tx:transmitter|shift_tx:shiftregister ;
+----------------+-------+----------------------------------------------------------------+
; Parameter Name ; Value ; Type                                                           ;
+----------------+-------+----------------------------------------------------------------+
; n              ; 8     ; Signed Integer                                                 ;
+----------------+-------+----------------------------------------------------------------+
Note: In order to hide this table in the UI and the text report file, please set the "Show Parameter Settings in Synthesis Report" option in "Analysis and Synthesis Settings -> More Settings" to "Off".


+------------------------------------------------------------------------------------------------------------------+
; Port Connectivity Checks: "UART_rx:receiver|rx_fsm:statemachinerx"                                               ;
+--------+--------+----------+-------------------------------------------------------------------------------------+
; Port   ; Type   ; Severity ; Details                                                                             ;
+--------+--------+----------+-------------------------------------------------------------------------------------+
; rx_err ; Output ; Info     ; Connected to dangling logic. Logic that only feeds a dangling port will be removed. ;
+--------+--------+----------+-------------------------------------------------------------------------------------+


+------------------------------------------------------------------------------------------------------------------+
; Port Connectivity Checks: "UART_rx:receiver"                                                                     ;
+--------+--------+----------+-------------------------------------------------------------------------------------+
; Port   ; Type   ; Severity ; Details                                                                             ;
+--------+--------+----------+-------------------------------------------------------------------------------------+
; rx_err ; Output ; Info     ; Connected to dangling logic. Logic that only feeds a dangling port will be removed. ;
+--------+--------+----------+-------------------------------------------------------------------------------------+


+----------------------------------------------------------------------------------------------------------------+
; Port Connectivity Checks: "UART_tx:transmitter|shift_tx:shiftregister"                                         ;
+------+--------+----------+-------------------------------------------------------------------------------------+
; Port ; Type   ; Severity ; Details                                                                             ;
+------+--------+----------+-------------------------------------------------------------------------------------+
; tx_i ; Output ; Info     ; Connected to dangling logic. Logic that only feeds a dangling port will be removed. ;
+------+--------+----------+-------------------------------------------------------------------------------------+


+---------------------------------------------------------------------------------------------------------------------+
; Port Connectivity Checks: "UART_tx:transmitter|tx_fsm:statemachine"                                                 ;
+-----------+--------+----------+-------------------------------------------------------------------------------------+
; Port      ; Type   ; Severity ; Details                                                                             ;
+-----------+--------+----------+-------------------------------------------------------------------------------------+
; tx_enable ; Output ; Info     ; Connected to dangling logic. Logic that only feeds a dangling port will be removed. ;
+-----------+--------+----------+-------------------------------------------------------------------------------------+


+-----------------------------------------------------+
; Post-Synthesis Netlist Statistics for Top Partition ;
+-----------------------+-----------------------------+
; Type                  ; Count                       ;
+-----------------------+-----------------------------+
; boundary_port         ; 73                          ;
; cycloneiii_lcell_comb ; 2                           ;
;     normal            ; 2                           ;
;         0 data inputs ; 2                           ;
;                       ;                             ;
; Max LUT depth         ; 0.00                        ;
; Average LUT depth     ; 0.00                        ;
+-----------------------+-----------------------------+


+-------------------------------+
; Elapsed Time Per Partition    ;
+----------------+--------------+
; Partition Name ; Elapsed Time ;
+----------------+--------------+
; Top            ; 00:00:00     ;
+----------------+--------------+


+-------------------------------+
; Analysis & Synthesis Messages ;
+-------------------------------+
Info: *******************************************************************
Info: Running Quartus Prime Analysis & Synthesis
    Info: Version 18.1.0 Build 625 09/12/2018 SJ Lite Edition
    Info: Processing started: Sun Nov 20 13:00:03 2022
Info: Command: quartus_map --read_settings_files=on --write_settings_files=off uart -c uart
Warning (18236): Number of processors has not been specified which may cause overloading on shared machines.  Set the global assignment NUM_PARALLEL_PROCESSORS in your QSF to an appropriate value for best performance.
Info (20030): Parallel compilation is enabled and will use 4 of the 4 processors detected
Info (12021): Found 2 design units, including 1 entities, in source file uart.vhd
    Info (12022): Found design unit 1: uart-mixed File: C:/Users/zainf/Documents/FYS4220/commproject/src/uart.vhd Line: 30
    Info (12023): Found entity 1: uart File: C:/Users/zainf/Documents/FYS4220/commproject/src/uart.vhd Line: 5
Info (12021): Found 2 design units, including 1 entities, in source file uart_tx.vhd
    Info (12022): Found design unit 1: UART_tx-mixed File: C:/Users/zainf/Documents/FYS4220/commproject/src/UART_tx.vhd Line: 30
    Info (12023): Found entity 1: UART_tx File: C:/Users/zainf/Documents/FYS4220/commproject/src/UART_tx.vhd Line: 7
Info (12021): Found 2 design units, including 1 entities, in source file uart_rx.vhd
    Info (12022): Found design unit 1: UART_rx-mixed File: C:/Users/zainf/Documents/FYS4220/commproject/src/UART_rx.vhd Line: 19
    Info (12023): Found entity 1: UART_rx File: C:/Users/zainf/Documents/FYS4220/commproject/src/UART_rx.vhd Line: 4
Warning (12019): Can't analyze file -- file tx_fsm_tb.vhd is missing
Info (12021): Found 2 design units, including 1 entities, in source file tx_fsm.vhd
    Info (12022): Found design unit 1: tx_fsm-behavioral File: C:/Users/zainf/Documents/FYS4220/commproject/src/tx_fsm.vhd Line: 20
    Info (12023): Found entity 1: tx_fsm File: C:/Users/zainf/Documents/FYS4220/commproject/src/tx_fsm.vhd Line: 5
Info (12021): Found 2 design units, including 1 entities, in source file shift_tx.vhd
    Info (12022): Found design unit 1: shift_tx-behavioral File: C:/Users/zainf/Documents/FYS4220/commproject/src/shift_tx.vhd Line: 23
    Info (12023): Found entity 1: shift_tx File: C:/Users/zainf/Documents/FYS4220/commproject/src/shift_tx.vhd Line: 4
Info (12021): Found 2 design units, including 1 entities, in source file shift_rx.vhd
    Info (12022): Found design unit 1: shift_rx-behv File: C:/Users/zainf/Documents/FYS4220/commproject/src/shift_rx.vhd Line: 19
    Info (12023): Found entity 1: shift_rx File: C:/Users/zainf/Documents/FYS4220/commproject/src/shift_rx.vhd Line: 4
Info (12021): Found 2 design units, including 1 entities, in source file rx_fsm.vhd
    Info (12022): Found design unit 1: rx_fsm-behavioral File: C:/Users/zainf/Documents/FYS4220/commproject/src/rx_fsm.vhd Line: 22
    Info (12023): Found entity 1: rx_fsm File: C:/Users/zainf/Documents/FYS4220/commproject/src/rx_fsm.vhd Line: 5
Info (12021): Found 2 design units, including 1 entities, in source file bitcounter_rx.vhd
    Info (12022): Found design unit 1: bitcounter_rx-Behavioral File: C:/Users/zainf/Documents/FYS4220/commproject/src/bitcounter_rx.vhd Line: 14
    Info (12023): Found entity 1: bitcounter_rx File: C:/Users/zainf/Documents/FYS4220/commproject/src/bitcounter_rx.vhd Line: 5
Info (12021): Found 2 design units, including 1 entities, in source file bitcounter.vhd
    Info (12022): Found design unit 1: bitcounter-Behavioral File: C:/Users/zainf/Documents/FYS4220/commproject/src/bitcounter.vhd Line: 14
    Info (12023): Found entity 1: bitcounter File: C:/Users/zainf/Documents/FYS4220/commproject/src/bitcounter.vhd Line: 5
Info (12021): Found 2 design units, including 1 entities, in source file baudrategen_rx.vhd
    Info (12022): Found design unit 1: baudrategen_rx-Behavioral File: C:/Users/zainf/Documents/FYS4220/commproject/src/baudrategen_rx.vhd Line: 13
    Info (12023): Found entity 1: baudrategen_rx File: C:/Users/zainf/Documents/FYS4220/commproject/src/baudrategen_rx.vhd Line: 5
Info (12021): Found 2 design units, including 1 entities, in source file baudrategen.vhd
    Info (12022): Found design unit 1: baudrategen-Behavioral File: C:/Users/zainf/Documents/FYS4220/commproject/src/baudrategen.vhd Line: 13
    Info (12023): Found entity 1: baudrategen File: C:/Users/zainf/Documents/FYS4220/commproject/src/baudrategen.vhd Line: 5
Info (12021): Found 0 design units, including 0 entities, in source file uart_tb.vhd
Info (12127): Elaborating entity "uart" for the top level hierarchy
Warning (10036): Verilog HDL or VHDL warning at uart.vhd(36): object "mm_tx_data" assigned a value but never read File: C:/Users/zainf/Documents/FYS4220/commproject/src/uart.vhd Line: 36
Warning (10541): VHDL Signal Declaration warning at uart.vhd(45): used implicit default value for signal "areset_n" because signal was never assigned a value or an explicit default value. Use of implicit default value may introduce unintended design optimizations. File: C:/Users/zainf/Documents/FYS4220/commproject/src/uart.vhd Line: 45
Warning (10541): VHDL Signal Declaration warning at uart.vhd(46): used implicit default value for signal "tx_data_valid" because signal was never assigned a value or an explicit default value. Use of implicit default value may introduce unintended design optimizations. File: C:/Users/zainf/Documents/FYS4220/commproject/src/uart.vhd Line: 46
Warning (10541): VHDL Signal Declaration warning at uart.vhd(47): used implicit default value for signal "tx_data" because signal was never assigned a value or an explicit default value. Use of implicit default value may introduce unintended design optimizations. File: C:/Users/zainf/Documents/FYS4220/commproject/src/uart.vhd Line: 47
Warning (10631): VHDL Process Statement warning at uart.vhd(111): inferring latch(es) for signal or variable "mm_tx_status", which holds its previous value in one or more paths through the process File: C:/Users/zainf/Documents/FYS4220/commproject/src/uart.vhd Line: 111
Info (12128): Elaborating entity "UART_tx" for hierarchy "UART_tx:transmitter" File: C:/Users/zainf/Documents/FYS4220/commproject/src/uart.vhd Line: 83
Warning (10541): VHDL Signal Declaration warning at UART_tx.vhd(82): used implicit default value for signal "tx_complete" because signal was never assigned a value or an explicit default value. Use of implicit default value may introduce unintended design optimizations. File: C:/Users/zainf/Documents/FYS4220/commproject/src/UART_tx.vhd Line: 82
Warning (10541): VHDL Signal Declaration warning at UART_tx.vhd(83): used implicit default value for signal "tx_enable" because signal was never assigned a value or an explicit default value. Use of implicit default value may introduce unintended design optimizations. File: C:/Users/zainf/Documents/FYS4220/commproject/src/UART_tx.vhd Line: 83
Info (12128): Elaborating entity "tx_fsm" for hierarchy "UART_tx:transmitter|tx_fsm:statemachine" File: C:/Users/zainf/Documents/FYS4220/commproject/src/UART_tx.vhd Line: 92
Warning (10492): VHDL Process Statement warning at tx_fsm.vhd(33): signal "areset_n" is read inside the Process Statement but isn't in the Process Statement's sensitivity list File: C:/Users/zainf/Documents/FYS4220/commproject/src/tx_fsm.vhd Line: 33
Info (12128): Elaborating entity "baudrategen" for hierarchy "UART_tx:transmitter|baudrategen:baudrategenerator" File: C:/Users/zainf/Documents/FYS4220/commproject/src/UART_tx.vhd Line: 104
Warning (10492): VHDL Process Statement warning at baudrategen.vhd(24): signal "tx_enable" is read inside the Process Statement but isn't in the Process Statement's sensitivity list File: C:/Users/zainf/Documents/FYS4220/commproject/src/baudrategen.vhd Line: 24
Warning (10492): VHDL Process Statement warning at baudrategen.vhd(34): signal "count" is read inside the Process Statement but isn't in the Process Statement's sensitivity list File: C:/Users/zainf/Documents/FYS4220/commproject/src/baudrategen.vhd Line: 34
Warning (10492): VHDL Process Statement warning at baudrategen.vhd(40): signal "count" is read inside the Process Statement but isn't in the Process Statement's sensitivity list File: C:/Users/zainf/Documents/FYS4220/commproject/src/baudrategen.vhd Line: 40
Info (12128): Elaborating entity "shift_tx" for hierarchy "UART_tx:transmitter|shift_tx:shiftregister" File: C:/Users/zainf/Documents/FYS4220/commproject/src/UART_tx.vhd Line: 112
Info (12128): Elaborating entity "UART_rx" for hierarchy "UART_rx:receiver" File: C:/Users/zainf/Documents/FYS4220/commproject/src/uart.vhd Line: 98
Info (12128): Elaborating entity "rx_fsm" for hierarchy "UART_rx:receiver|rx_fsm:statemachinerx" File: C:/Users/zainf/Documents/FYS4220/commproject/src/UART_rx.vhd Line: 78
Warning (10541): VHDL Signal Declaration warning at rx_fsm.vhd(15): used implicit default value for signal "rx_err" because signal was never assigned a value or an explicit default value. Use of implicit default value may introduce unintended design optimizations. File: C:/Users/zainf/Documents/FYS4220/commproject/src/rx_fsm.vhd Line: 15
Info (12128): Elaborating entity "baudrategen_rx" for hierarchy "UART_rx:receiver|baudrategen_rx:baudrategeneratorrx" File: C:/Users/zainf/Documents/FYS4220/commproject/src/UART_rx.vhd Line: 88
Warning (10492): VHDL Process Statement warning at baudrategen_rx.vhd(24): signal "rx_enable" is read inside the Process Statement but isn't in the Process Statement's sensitivity list File: C:/Users/zainf/Documents/FYS4220/commproject/src/baudrategen_rx.vhd Line: 24
Warning (10492): VHDL Process Statement warning at baudrategen_rx.vhd(35): signal "count" is read inside the Process Statement but isn't in the Process Statement's sensitivity list File: C:/Users/zainf/Documents/FYS4220/commproject/src/baudrategen_rx.vhd Line: 35
Warning (10492): VHDL Process Statement warning at baudrategen_rx.vhd(41): signal "count" is read inside the Process Statement but isn't in the Process Statement's sensitivity list File: C:/Users/zainf/Documents/FYS4220/commproject/src/baudrategen_rx.vhd Line: 41
Info (12128): Elaborating entity "bitcounter_rx" for hierarchy "UART_rx:receiver|bitcounter_rx:bitcounterrx" File: C:/Users/zainf/Documents/FYS4220/commproject/src/UART_rx.vhd Line: 94
Info (12128): Elaborating entity "shift_rx" for hierarchy "UART_rx:receiver|shift_rx:shiftregisterrx" File: C:/Users/zainf/Documents/FYS4220/commproject/src/UART_rx.vhd Line: 100
Warning (10541): VHDL Signal Declaration warning at shift_rx.vhd(23): used implicit default value for signal "baudrate_r" because signal was never assigned a value or an explicit default value. Use of implicit default value may introduce unintended design optimizations. File: C:/Users/zainf/Documents/FYS4220/commproject/src/shift_rx.vhd Line: 23
Warning (13024): Output pins are stuck at VCC or GND
    Warning (13410): Pin "tx" is stuck at VCC File: C:/Users/zainf/Documents/FYS4220/commproject/src/uart.vhd Line: 16
    Warning (13410): Pin "rdata[0]" is stuck at GND File: C:/Users/zainf/Documents/FYS4220/commproject/src/uart.vhd Line: 114
    Warning (13410): Pin "rdata[1]" is stuck at GND File: C:/Users/zainf/Documents/FYS4220/commproject/src/uart.vhd Line: 114
    Warning (13410): Pin "rdata[2]" is stuck at GND File: C:/Users/zainf/Documents/FYS4220/commproject/src/uart.vhd Line: 114
    Warning (13410): Pin "rdata[3]" is stuck at GND File: C:/Users/zainf/Documents/FYS4220/commproject/src/uart.vhd Line: 114
    Warning (13410): Pin "rdata[4]" is stuck at GND File: C:/Users/zainf/Documents/FYS4220/commproject/src/uart.vhd Line: 114
    Warning (13410): Pin "rdata[5]" is stuck at GND File: C:/Users/zainf/Documents/FYS4220/commproject/src/uart.vhd Line: 114
    Warning (13410): Pin "rdata[6]" is stuck at GND File: C:/Users/zainf/Documents/FYS4220/commproject/src/uart.vhd Line: 114
    Warning (13410): Pin "rdata[7]" is stuck at GND File: C:/Users/zainf/Documents/FYS4220/commproject/src/uart.vhd Line: 114
    Warning (13410): Pin "rdata[8]" is stuck at GND File: C:/Users/zainf/Documents/FYS4220/commproject/src/uart.vhd Line: 114
    Warning (13410): Pin "rdata[9]" is stuck at GND File: C:/Users/zainf/Documents/FYS4220/commproject/src/uart.vhd Line: 114
    Warning (13410): Pin "rdata[10]" is stuck at GND File: C:/Users/zainf/Documents/FYS4220/commproject/src/uart.vhd Line: 114
    Warning (13410): Pin "rdata[11]" is stuck at GND File: C:/Users/zainf/Documents/FYS4220/commproject/src/uart.vhd Line: 114
    Warning (13410): Pin "rdata[12]" is stuck at GND File: C:/Users/zainf/Documents/FYS4220/commproject/src/uart.vhd Line: 114
    Warning (13410): Pin "rdata[13]" is stuck at GND File: C:/Users/zainf/Documents/FYS4220/commproject/src/uart.vhd Line: 114
    Warning (13410): Pin "rdata[14]" is stuck at GND File: C:/Users/zainf/Documents/FYS4220/commproject/src/uart.vhd Line: 114
    Warning (13410): Pin "rdata[15]" is stuck at GND File: C:/Users/zainf/Documents/FYS4220/commproject/src/uart.vhd Line: 114
    Warning (13410): Pin "rdata[16]" is stuck at GND File: C:/Users/zainf/Documents/FYS4220/commproject/src/uart.vhd Line: 114
    Warning (13410): Pin "rdata[17]" is stuck at GND File: C:/Users/zainf/Documents/FYS4220/commproject/src/uart.vhd Line: 114
    Warning (13410): Pin "rdata[18]" is stuck at GND File: C:/Users/zainf/Documents/FYS4220/commproject/src/uart.vhd Line: 114
    Warning (13410): Pin "rdata[19]" is stuck at GND File: C:/Users/zainf/Documents/FYS4220/commproject/src/uart.vhd Line: 114
    Warning (13410): Pin "rdata[20]" is stuck at GND File: C:/Users/zainf/Documents/FYS4220/commproject/src/uart.vhd Line: 114
    Warning (13410): Pin "rdata[21]" is stuck at GND File: C:/Users/zainf/Documents/FYS4220/commproject/src/uart.vhd Line: 114
    Warning (13410): Pin "rdata[22]" is stuck at GND File: C:/Users/zainf/Documents/FYS4220/commproject/src/uart.vhd Line: 114
    Warning (13410): Pin "rdata[23]" is stuck at GND File: C:/Users/zainf/Documents/FYS4220/commproject/src/uart.vhd Line: 114
    Warning (13410): Pin "rdata[24]" is stuck at GND File: C:/Users/zainf/Documents/FYS4220/commproject/src/uart.vhd Line: 114
    Warning (13410): Pin "rdata[25]" is stuck at GND File: C:/Users/zainf/Documents/FYS4220/commproject/src/uart.vhd Line: 114
    Warning (13410): Pin "rdata[26]" is stuck at GND File: C:/Users/zainf/Documents/FYS4220/commproject/src/uart.vhd Line: 114
    Warning (13410): Pin "rdata[27]" is stuck at GND File: C:/Users/zainf/Documents/FYS4220/commproject/src/uart.vhd Line: 114
    Warning (13410): Pin "rdata[28]" is stuck at GND File: C:/Users/zainf/Documents/FYS4220/commproject/src/uart.vhd Line: 114
    Warning (13410): Pin "rdata[29]" is stuck at GND File: C:/Users/zainf/Documents/FYS4220/commproject/src/uart.vhd Line: 114
    Warning (13410): Pin "rdata[30]" is stuck at GND File: C:/Users/zainf/Documents/FYS4220/commproject/src/uart.vhd Line: 114
    Warning (13410): Pin "rdata[31]" is stuck at GND File: C:/Users/zainf/Documents/FYS4220/commproject/src/uart.vhd Line: 114
    Warning (13410): Pin "irq" is stuck at GND File: C:/Users/zainf/Documents/FYS4220/commproject/src/uart.vhd Line: 24
Info (17049): 21 registers lost all their fanouts during netlist optimizations.
Info (16010): Generating hard_block partition "hard_block:auto_generated_inst"
    Info (16011): Adding 0 node(s), including 0 DDIO, 0 PLL, 0 transceiver and 0 LCELL
Warning (21074): Design contains 39 input pin(s) that do not drive logic
    Warning (15610): No output dependent on input pin "rx" File: C:/Users/zainf/Documents/FYS4220/commproject/src/uart.vhd Line: 15
    Warning (15610): No output dependent on input pin "re" File: C:/Users/zainf/Documents/FYS4220/commproject/src/uart.vhd Line: 19
    Warning (15610): No output dependent on input pin "wdata[0]" File: C:/Users/zainf/Documents/FYS4220/commproject/src/uart.vhd Line: 20
    Warning (15610): No output dependent on input pin "wdata[1]" File: C:/Users/zainf/Documents/FYS4220/commproject/src/uart.vhd Line: 20
    Warning (15610): No output dependent on input pin "wdata[2]" File: C:/Users/zainf/Documents/FYS4220/commproject/src/uart.vhd Line: 20
    Warning (15610): No output dependent on input pin "wdata[3]" File: C:/Users/zainf/Documents/FYS4220/commproject/src/uart.vhd Line: 20
    Warning (15610): No output dependent on input pin "wdata[4]" File: C:/Users/zainf/Documents/FYS4220/commproject/src/uart.vhd Line: 20
    Warning (15610): No output dependent on input pin "wdata[5]" File: C:/Users/zainf/Documents/FYS4220/commproject/src/uart.vhd Line: 20
    Warning (15610): No output dependent on input pin "wdata[6]" File: C:/Users/zainf/Documents/FYS4220/commproject/src/uart.vhd Line: 20
    Warning (15610): No output dependent on input pin "wdata[7]" File: C:/Users/zainf/Documents/FYS4220/commproject/src/uart.vhd Line: 20
    Warning (15610): No output dependent on input pin "wdata[8]" File: C:/Users/zainf/Documents/FYS4220/commproject/src/uart.vhd Line: 20
    Warning (15610): No output dependent on input pin "wdata[9]" File: C:/Users/zainf/Documents/FYS4220/commproject/src/uart.vhd Line: 20
    Warning (15610): No output dependent on input pin "wdata[10]" File: C:/Users/zainf/Documents/FYS4220/commproject/src/uart.vhd Line: 20
    Warning (15610): No output dependent on input pin "wdata[11]" File: C:/Users/zainf/Documents/FYS4220/commproject/src/uart.vhd Line: 20
    Warning (15610): No output dependent on input pin "wdata[12]" File: C:/Users/zainf/Documents/FYS4220/commproject/src/uart.vhd Line: 20
    Warning (15610): No output dependent on input pin "wdata[13]" File: C:/Users/zainf/Documents/FYS4220/commproject/src/uart.vhd Line: 20
    Warning (15610): No output dependent on input pin "wdata[14]" File: C:/Users/zainf/Documents/FYS4220/commproject/src/uart.vhd Line: 20
    Warning (15610): No output dependent on input pin "wdata[15]" File: C:/Users/zainf/Documents/FYS4220/commproject/src/uart.vhd Line: 20
    Warning (15610): No output dependent on input pin "wdata[16]" File: C:/Users/zainf/Documents/FYS4220/commproject/src/uart.vhd Line: 20
    Warning (15610): No output dependent on input pin "wdata[17]" File: C:/Users/zainf/Documents/FYS4220/commproject/src/uart.vhd Line: 20
    Warning (15610): No output dependent on input pin "wdata[18]" File: C:/Users/zainf/Documents/FYS4220/commproject/src/uart.vhd Line: 20
    Warning (15610): No output dependent on input pin "wdata[19]" File: C:/Users/zainf/Documents/FYS4220/commproject/src/uart.vhd Line: 20
    Warning (15610): No output dependent on input pin "wdata[20]" File: C:/Users/zainf/Documents/FYS4220/commproject/src/uart.vhd Line: 20
    Warning (15610): No output dependent on input pin "wdata[21]" File: C:/Users/zainf/Documents/FYS4220/commproject/src/uart.vhd Line: 20
    Warning (15610): No output dependent on input pin "wdata[22]" File: C:/Users/zainf/Documents/FYS4220/commproject/src/uart.vhd Line: 20
    Warning (15610): No output dependent on input pin "wdata[23]" File: C:/Users/zainf/Documents/FYS4220/commproject/src/uart.vhd Line: 20
    Warning (15610): No output dependent on input pin "wdata[24]" File: C:/Users/zainf/Documents/FYS4220/commproject/src/uart.vhd Line: 20
    Warning (15610): No output dependent on input pin "wdata[25]" File: C:/Users/zainf/Documents/FYS4220/commproject/src/uart.vhd Line: 20
    Warning (15610): No output dependent on input pin "wdata[26]" File: C:/Users/zainf/Documents/FYS4220/commproject/src/uart.vhd Line: 20
    Warning (15610): No output dependent on input pin "wdata[27]" File: C:/Users/zainf/Documents/FYS4220/commproject/src/uart.vhd Line: 20
    Warning (15610): No output dependent on input pin "wdata[28]" File: C:/Users/zainf/Documents/FYS4220/commproject/src/uart.vhd Line: 20
    Warning (15610): No output dependent on input pin "wdata[29]" File: C:/Users/zainf/Documents/FYS4220/commproject/src/uart.vhd Line: 20
    Warning (15610): No output dependent on input pin "wdata[30]" File: C:/Users/zainf/Documents/FYS4220/commproject/src/uart.vhd Line: 20
    Warning (15610): No output dependent on input pin "wdata[31]" File: C:/Users/zainf/Documents/FYS4220/commproject/src/uart.vhd Line: 20
    Warning (15610): No output dependent on input pin "addr[1]" File: C:/Users/zainf/Documents/FYS4220/commproject/src/uart.vhd Line: 22
    Warning (15610): No output dependent on input pin "addr[0]" File: C:/Users/zainf/Documents/FYS4220/commproject/src/uart.vhd Line: 22
    Warning (15610): No output dependent on input pin "clk" File: C:/Users/zainf/Documents/FYS4220/commproject/src/uart.vhd Line: 13
    Warning (15610): No output dependent on input pin "arst_n" File: C:/Users/zainf/Documents/FYS4220/commproject/src/uart.vhd Line: 14
    Warning (15610): No output dependent on input pin "we" File: C:/Users/zainf/Documents/FYS4220/commproject/src/uart.vhd Line: 18
Info (21057): Implemented 73 device resources after synthesis - the final resource count might be different
    Info (21058): Implemented 39 input pins
    Info (21059): Implemented 34 output pins
Info: Quartus Prime Analysis & Synthesis was successful. 0 errors, 93 warnings
    Info: Peak virtual memory: 4785 megabytes
    Info: Processing ended: Sun Nov 20 13:00:16 2022
    Info: Elapsed time: 00:00:13
    Info: Total CPU time (on all processors): 00:00:24


